4.460000000000000000e+02
4.520000000000000000e+02
3.770000000000000000e+02
3.330000000000000000e+02
3.520000000000000000e+02
3.030000000000000000e+02
2.800000000000000000e+02
2.430000000000000000e+02
2.710000000000000000e+02
2.330000000000000000e+02
2.030000000000000000e+02
1.720000000000000000e+02
1.620000000000000000e+02
1.510000000000000000e+02
1.350000000000000000e+02
1.120000000000000000e+02
1.110000000000000000e+02
9.400000000000000000e+01
7.400000000000000000e+01
5.500000000000000000e+01
6.800000000000000000e+01
7.700000000000000000e+01
7.500000000000000000e+01
5.800000000000000000e+01
7.000000000000000000e+01
4.800000000000000000e+01
4.500000000000000000e+01
4.200000000000000000e+01
3.600000000000000000e+01
3.300000000000000000e+01
4.600000000000000000e+01
3.000000000000000000e+01
3.300000000000000000e+01
2.700000000000000000e+01
3.700000000000000000e+01
3.900000000000000000e+01
4.100000000000000000e+01
3.900000000000000000e+01
5.800000000000000000e+01
5.700000000000000000e+01
6.000000000000000000e+01
6.900000000000000000e+01
7.900000000000000000e+01
1.390000000000000000e+02
1.440000000000000000e+02
2.910000000000000000e+02
3.740000000000000000e+02
3.850000000000000000e+02
4.610000000000000000e+02
6.070000000000000000e+02
7.310000000000000000e+02
5.490000000000000000e+02
5.880000000000000000e+02
5.790000000000000000e+02
5.920000000000000000e+02
6.060000000000000000e+02
6.170000000000000000e+02
6.840000000000000000e+02
6.100000000000000000e+02
5.530000000000000000e+02
6.860000000000000000e+02
6.230000000000000000e+02
6.160000000000000000e+02
5.860000000000000000e+02
6.420000000000000000e+02
6.340000000000000000e+02
6.530000000000000000e+02
6.780000000000000000e+02
7.730000000000000000e+02
7.050000000000000000e+02
7.920000000000000000e+02
8.020000000000000000e+02
7.830000000000000000e+02
7.560000000000000000e+02
7.250000000000000000e+02
6.330000000000000000e+02
5.940000000000000000e+02
4.990000000000000000e+02
4.190000000000000000e+02
3.340000000000000000e+02
2.950000000000000000e+02
2.500000000000000000e+02
2.510000000000000000e+02
5.260000000000000000e+02
5.950000000000000000e+02
6.320000000000000000e+02
6.140000000000000000e+02
5.960000000000000000e+02
6.750000000000000000e+02
6.480000000000000000e+02
7.230000000000000000e+02
6.870000000000000000e+02
7.830000000000000000e+02
7.860000000000000000e+02
9.090000000000000000e+02
8.660000000000000000e+02
7.680000000000000000e+02
8.060000000000000000e+02
8.380000000000000000e+02
9.550000000000000000e+02
1.080000000000000000e+03
1.079000000000000000e+03
9.210000000000000000e+02
8.510000000000000000e+02
2.130000000000000000e+02
1.700000000000000000e+02
1.750000000000000000e+02
1.430000000000000000e+02
1.290000000000000000e+02
1.460000000000000000e+02
1.430000000000000000e+02
1.190000000000000000e+02
1.090000000000000000e+02
1.200000000000000000e+02
8.500000000000000000e+01
8.200000000000000000e+01
8.600000000000000000e+01
9.900000000000000000e+01
6.600000000000000000e+01
6.300000000000000000e+01
6.200000000000000000e+01
5.300000000000000000e+01
4.400000000000000000e+01
5.800000000000000000e+01
4.400000000000000000e+01
6.000000000000000000e+01
3.900000000000000000e+01
5.900000000000000000e+01
6.100000000000000000e+01
4.600000000000000000e+01
5.800000000000000000e+01
5.100000000000000000e+01
4.900000000000000000e+01
5.000000000000000000e+01
4.400000000000000000e+01
5.125000000000000000e+01
7.300000000000000000e+01
6.200000000000000000e+01
9.500000000000000000e+01
1.190000000000000000e+02
1.570000000000000000e+02
2.400000000000000000e+02
3.280000000000000000e+02
3.240000000000000000e+02
4.120000000000000000e+02
5.440000000000000000e+02
7.330000000000000000e+02
8.220000000000000000e+02
9.470000000000000000e+02
1.063000000000000000e+03
1.094000000000000000e+03
1.187000000000000000e+03
1.068000000000000000e+03
1.020000000000000000e+03
9.970000000000000000e+02
8.920000000000000000e+02
8.250000000000000000e+02
7.140000000000000000e+02
7.090000000000000000e+02
6.590000000000000000e+02
5.970000000000000000e+02
6.090000000000000000e+02
6.250000000000000000e+02
5.590000000000000000e+02
5.830000000000000000e+02
5.730000000000000000e+02
5.740000000000000000e+02
5.790000000000000000e+02
5.430000000000000000e+02
5.910000000000000000e+02
5.930000000000000000e+02
6.300000000000000000e+02
6.290000000000000000e+02
5.880000000000000000e+02
6.790000000000000000e+02
6.050000000000000000e+02
6.200000000000000000e+02
6.670000000000000000e+02
6.310000000000000000e+02
6.700000000000000000e+02
6.500000000000000000e+02
6.510000000000000000e+02
6.670000000000000000e+02
7.350000000000000000e+02
7.200000000000000000e+02
7.690000000000000000e+02
7.990000000000000000e+02
7.610000000000000000e+02
7.840000000000000000e+02
8.210000000000000000e+02
8.200000000000000000e+02
7.540000000000000000e+02
6.980000000000000000e+02
6.120000000000000000e+02
4.690000000000000000e+02
4.360000000000000000e+02
3.530000000000000000e+02
3.280000000000000000e+02
2.420000000000000000e+02
2.460000000000000000e+02
2.390000000000000000e+02
2.060000000000000000e+02
1.790000000000000000e+02
1.490000000000000000e+02
1.740000000000000000e+02
1.430000000000000000e+02
1.430000000000000000e+02
1.320000000000000000e+02
1.140000000000000000e+02
1.580000000000000000e+02
1.200000000000000000e+02
8.400000000000000000e+01
8.700000000000000000e+01
6.500000000000000000e+01
6.300000000000000000e+01
6.700000000000000000e+01
6.800000000000000000e+01
7.300000000000000000e+01
5.800000000000000000e+01
5.000000000000000000e+01
5.500000000000000000e+01
5.000000000000000000e+01
4.900000000000000000e+01
6.100000000000000000e+01
4.400000000000000000e+01
4.400000000000000000e+01
3.400000000000000000e+01
5.100000000000000000e+01
4.900000000000000000e+01
4.000000000000000000e+01
6.200000000000000000e+01
5.200000000000000000e+01
6.900000000000000000e+01
7.300000000000000000e+01
1.120000000000000000e+02
1.110000000000000000e+02
1.360000000000000000e+02
2.040000000000000000e+02
3.110000000000000000e+02
3.140000000000000000e+02
3.970000000000000000e+02
5.330000000000000000e+02
6.950000000000000000e+02
7.810000000000000000e+02
9.180000000000000000e+02
1.056000000000000000e+03
1.076000000000000000e+03
1.175000000000000000e+03
1.130000000000000000e+03
1.065000000000000000e+03
9.190000000000000000e+02
9.120000000000000000e+02
7.790000000000000000e+02
7.740000000000000000e+02
7.140000000000000000e+02
6.510000000000000000e+02
6.200000000000000000e+02
6.020000000000000000e+02
5.990000000000000000e+02
5.880000000000000000e+02
5.230000000000000000e+02
6.110000000000000000e+02
6.490000000000000000e+02
5.990000000000000000e+02
6.220000000000000000e+02
5.980000000000000000e+02
6.330000000000000000e+02
6.550000000000000000e+02
6.310000000000000000e+02
6.520000000000000000e+02
6.970000000000000000e+02
6.570000000000000000e+02
6.100000000000000000e+02
7.050000000000000000e+02
6.660000000000000000e+02
7.290000000000000000e+02
6.640000000000000000e+02
7.460000000000000000e+02
7.250000000000000000e+02
7.360000000000000000e+02
8.510000000000000000e+02
8.540000000000000000e+02
8.350000000000000000e+02
8.260000000000000000e+02
8.940000000000000000e+02
8.740000000000000000e+02
8.910000000000000000e+02
7.370000000000000000e+02
6.630000000000000000e+02
6.260000000000000000e+02
5.300000000000000000e+02
4.680000000000000000e+02
3.920000000000000000e+02
3.310000000000000000e+02
3.280000000000000000e+02
2.740000000000000000e+02
2.300000000000000000e+02
2.030000000000000000e+02
1.730000000000000000e+02
1.360000000000000000e+02
1.540000000000000000e+02
1.850000000000000000e+02
1.690000000000000000e+02
1.330000000000000000e+02
1.470000000000000000e+02
1.500000000000000000e+02
1.190000000000000000e+02
1.100000000000000000e+02
9.800000000000000000e+01
9.600000000000000000e+01
7.000000000000000000e+01
7.200000000000000000e+01
7.500000000000000000e+01
5.400000000000000000e+01
4.900000000000000000e+01
5.300000000000000000e+01
5.000000000000000000e+01
4.800000000000000000e+01
5.100000000000000000e+01
4.800000000000000000e+01
6.200000000000000000e+01
4.700000000000000000e+01
5.600000000000000000e+01
4.200000000000000000e+01
5.500000000000000000e+01
6.000000000000000000e+01
6.400000000000000000e+01
4.700000000000000000e+01
6.800000000000000000e+01
8.400000000000000000e+01
8.900000000000000000e+01
1.170000000000000000e+02
1.410000000000000000e+02
2.260000000000000000e+02
3.090000000000000000e+02
3.010000000000000000e+02
3.740000000000000000e+02
5.690000000000000000e+02
7.190000000000000000e+02
8.380000000000000000e+02
8.690000000000000000e+02
1.064000000000000000e+03
9.670000000000000000e+02
1.080000000000000000e+03
1.048000000000000000e+03
9.480000000000000000e+02
9.620000000000000000e+02
9.050000000000000000e+02
7.380000000000000000e+02
7.370000000000000000e+02
7.710000000000000000e+02
7.410000000000000000e+02
6.890000000000000000e+02
6.780000000000000000e+02
6.230000000000000000e+02
6.550000000000000000e+02
5.480000000000000000e+02
6.070000000000000000e+02
6.360000000000000000e+02
5.690000000000000000e+02
5.720000000000000000e+02
5.930000000000000000e+02
6.050000000000000000e+02
6.290000000000000000e+02
6.210000000000000000e+02
6.040000000000000000e+02
6.430000000000000000e+02
6.520000000000000000e+02
6.770000000000000000e+02
7.230000000000000000e+02
6.790000000000000000e+02
6.730000000000000000e+02
7.210000000000000000e+02
7.260000000000000000e+02
7.430000000000000000e+02
7.550000000000000000e+02
8.010000000000000000e+02
8.310000000000000000e+02
8.080000000000000000e+02
8.100000000000000000e+02
7.980000000000000000e+02
8.580000000000000000e+02
8.090000000000000000e+02
7.590000000000000000e+02
7.310000000000000000e+02
6.000000000000000000e+02
6.200000000000000000e+02
5.650000000000000000e+02
4.940000000000000000e+02
4.270000000000000000e+02
3.270000000000000000e+02
2.770000000000000000e+02
2.840000000000000000e+02
2.630000000000000000e+02
1.890000000000000000e+02
1.850000000000000000e+02
1.830000000000000000e+02
1.790000000000000000e+02
1.720000000000000000e+02
1.330000000000000000e+02
1.250000000000000000e+02
1.580000000000000000e+02
1.240000000000000000e+02
1.020000000000000000e+02
8.600000000000000000e+01
8.400000000000000000e+01
8.700000000000000000e+01
6.600000000000000000e+01
6.300000000000000000e+01
6.100000000000000000e+01
5.600000000000000000e+01
4.800000000000000000e+01
5.700000000000000000e+01
3.500000000000000000e+01
6.850000000000000000e+01
5.200000000000000000e+01
4.100000000000000000e+01
4.700000000000000000e+01
4.600000000000000000e+01
6.600000000000000000e+01
6.100000000000000000e+01
5.700000000000000000e+01
6.600000000000000000e+01
4.800000000000000000e+01
7.500000000000000000e+01
8.700000000000000000e+01
1.120000000000000000e+02
1.270000000000000000e+02
1.510000000000000000e+02
2.010000000000000000e+02
2.840000000000000000e+02
3.090000000000000000e+02
3.200000000000000000e+02
5.320000000000000000e+02
6.390000000000000000e+02
7.140000000000000000e+02
8.780000000000000000e+02
1.023000000000000000e+03
1.034000000000000000e+03
1.050000000000000000e+03
1.032000000000000000e+03
9.980000000000000000e+02
8.820000000000000000e+02
8.640000000000000000e+02
7.420000000000000000e+02
7.190000000000000000e+02
6.860000000000000000e+02
6.790000000000000000e+02
6.640000000000000000e+02
6.050000000000000000e+02
5.960000000000000000e+02
5.900000000000000000e+02
6.100000000000000000e+02
6.390000000000000000e+02
6.230000000000000000e+02
6.590000000000000000e+02
6.340000000000000000e+02
5.550000000000000000e+02
6.820000000000000000e+02
6.760000000000000000e+02
7.190000000000000000e+02
7.500000000000000000e+02
7.860000000000000000e+02
7.300000000000000000e+02
7.330000000000000000e+02
8.090000000000000000e+02
7.770000000000000000e+02
7.780000000000000000e+02
7.860000000000000000e+02
8.380000000000000000e+02
8.130000000000000000e+02
8.320000000000000000e+02
8.680000000000000000e+02
8.460000000000000000e+02
8.640000000000000000e+02
7.890000000000000000e+02
6.810000000000000000e+02
6.910000000000000000e+02
6.200000000000000000e+02
5.810000000000000000e+02
5.440000000000000000e+02
5.360000000000000000e+02
5.060000000000000000e+02
5.370000000000000000e+02
5.260000000000000000e+02
4.760000000000000000e+02
4.210000000000000000e+02
3.640000000000000000e+02
3.180000000000000000e+02
2.350000000000000000e+02
2.480000000000000000e+02
1.980000000000000000e+02
1.620000000000000000e+02
1.740000000000000000e+02
1.700000000000000000e+02
1.700000000000000000e+02
1.390000000000000000e+02
1.440000000000000000e+02
1.210000000000000000e+02
1.000000000000000000e+02
