1.116099999999999994e+02
1.119000000000000057e+02
1.111899999999999977e+02
1.126800000000000068e+02
1.121400000000000006e+02
1.105900000000000034e+02
1.122999999999999972e+02
1.124599999999999937e+02
1.103900000000000006e+02
1.114099999999999966e+02
1.113299999999999983e+02
1.113299999999999983e+02
1.098100000000000023e+02
1.078900000000000006e+02
1.079399999999999977e+02
1.069599999999999937e+02
1.090799999999999983e+02
1.047000000000000028e+02
1.108799999999999955e+02
1.064599999999999937e+02
1.080699999999999932e+02
1.043100000000000023e+02
1.026099999999999994e+02
1.078199999999999932e+02
1.049599999999999937e+02
1.068799999999999955e+02
1.047199999999999989e+02
9.609000000000000341e+01
1.000000000000000000e+02
1.031899999999999977e+02
9.815999999999999659e+01
1.040699999999999932e+02
9.760999999999999943e+01
1.020400000000000063e+02
9.893999999999999773e+01
9.795000000000000284e+01
9.945000000000000284e+01
1.000000000000000000e+02
9.760999999999999943e+01
9.560999999999999943e+01
9.832999999999999829e+01
1.004800000000000040e+02
1.000199999999999960e+02
1.005000000000000000e+02
1.033400000000000034e+02
1.047900000000000063e+02
1.059099999999999966e+02
1.075100000000000051e+02
1.056599999999999966e+02
1.054599999999999937e+02
1.051299999999999955e+02
1.050999999999999943e+02
1.049399999999999977e+02
1.054399999999999977e+02
1.064699999999999989e+02
1.052000000000000028e+02
1.052800000000000011e+02
1.044899999999999949e+02
1.050999999999999943e+02
1.056099999999999994e+02
1.055999999999999943e+02
1.041299999999999955e+02
1.047600000000000051e+02
1.053199999999999932e+02
1.050100000000000051e+02
1.077699999999999960e+02
1.073499999999999943e+02
1.069000000000000057e+02
1.068799999999999955e+02
1.063799999999999955e+02
1.074899999999999949e+02
1.066500000000000057e+02
1.066899999999999977e+02
1.063599999999999994e+02
1.075100000000000051e+02
1.082600000000000051e+02
1.080999999999999943e+02
1.096599999999999966e+02
1.087399999999999949e+02
1.072600000000000051e+02
1.070300000000000011e+02
1.069599999999999937e+02
1.053599999999999994e+02
1.052300000000000040e+02
1.054000000000000057e+02
1.048700000000000045e+02
1.044099999999999966e+02
1.025400000000000063e+02
1.040699999999999932e+02
1.056700000000000017e+02
1.038299999999999983e+02
1.052900000000000063e+02
1.060799999999999983e+02
1.059399999999999977e+02
1.061800000000000068e+02
1.080600000000000023e+02
1.082600000000000051e+02
1.082999999999999972e+02
1.091800000000000068e+02
1.075400000000000063e+02
1.041200000000000045e+02
1.045900000000000034e+02
1.063499999999999943e+02
1.067099999999999937e+02
1.061299999999999955e+02
1.035300000000000011e+02
1.027699999999999960e+02
1.046899999999999977e+02
1.042900000000000063e+02
1.040100000000000051e+02
1.040499999999999972e+02
1.057099999999999937e+02
1.000000000000000000e+02
1.025100000000000051e+02
1.013299999999999983e+02
1.047399999999999949e+02
1.000300000000000011e+02
9.893000000000000682e+01
1.001800000000000068e+02
9.898000000000000398e+01
1.016099999999999994e+02
9.673999999999999488e+01
9.756000000000000227e+01
9.156000000000000227e+01
9.646999999999999886e+01
9.675000000000000000e+01
9.476999999999999602e+01
9.987000000000000455e+01
9.618000000000000682e+01
9.992000000000000171e+01
9.420999999999999375e+01
9.532999999999999829e+01
9.456000000000000227e+01
9.637999999999999545e+01
9.720000000000000284e+01
9.768999999999999773e+01
9.559000000000000341e+01
9.595000000000000284e+01
9.459999999999999432e+01
9.779999999999999716e+01
9.809999999999999432e+01
9.973000000000000398e+01
1.015300000000000011e+02
1.028900000000000006e+02
1.040499999999999972e+02
1.059399999999999977e+02
1.050300000000000011e+02
1.064800000000000040e+02
1.057600000000000051e+02
1.052800000000000011e+02
1.056599999999999966e+02
1.062600000000000051e+02
1.070300000000000011e+02
1.073499999999999943e+02
1.085900000000000034e+02
1.072699999999999960e+02
1.080699999999999932e+02
1.061899999999999977e+02
1.066599999999999966e+02
1.058299999999999983e+02
1.047000000000000028e+02
1.044699999999999989e+02
1.034200000000000017e+02
1.054099999999999966e+02
1.040199999999999960e+02
1.046599999999999966e+02
1.039300000000000068e+02
1.052000000000000028e+02
1.046899999999999977e+02
1.072600000000000051e+02
1.049899999999999949e+02
1.046800000000000068e+02
1.055699999999999932e+02
1.081899999999999977e+02
1.055199999999999960e+02
1.045499999999999972e+02
1.051200000000000045e+02
1.060199999999999960e+02
1.061899999999999977e+02
1.072800000000000011e+02
1.079399999999999977e+02
1.049099999999999966e+02
1.087099999999999937e+02
1.081700000000000017e+02
1.079500000000000028e+02
1.092600000000000051e+02
1.077600000000000051e+02
1.064800000000000040e+02
1.068100000000000023e+02
1.070499999999999972e+02
1.065499999999999972e+02
1.092399999999999949e+02
1.086299999999999955e+02
1.086299999999999955e+02
1.075400000000000063e+02
1.080300000000000011e+02
1.068400000000000034e+02
1.086400000000000006e+02
1.075799999999999983e+02
1.053499999999999943e+02
1.039500000000000028e+02
1.036899999999999977e+02
1.045300000000000011e+02
1.041200000000000045e+02
1.070199999999999960e+02
1.039899999999999949e+02
1.001299999999999955e+02
1.014099999999999966e+02
1.024000000000000057e+02
1.029200000000000017e+02
1.014000000000000057e+02
1.005799999999999983e+02
9.839000000000000057e+01
1.017199999999999989e+02
1.026899999999999977e+02
1.007699999999999960e+02
1.046500000000000057e+02
9.681999999999999318e+01
9.656999999999999318e+01
9.943999999999999773e+01
9.410999999999999943e+01
9.273000000000000398e+01
9.817000000000000171e+01
9.640000000000000568e+01
9.328000000000000114e+01
9.098999999999999488e+01
9.865000000000000568e+01
9.446999999999999886e+01
9.368999999999999773e+01
9.445000000000000284e+01
9.643999999999999773e+01
9.492000000000000171e+01
9.690000000000000568e+01
9.623000000000000398e+01
9.823000000000000398e+01
9.606999999999999318e+01
9.826999999999999602e+01
1.029000000000000057e+02
1.029399999999999977e+02
1.035600000000000023e+02
1.036200000000000045e+02
1.067399999999999949e+02
1.063499999999999943e+02
1.082300000000000040e+02
1.059300000000000068e+02
1.047999999999999972e+02
1.054599999999999937e+02
1.065100000000000051e+02
1.011800000000000068e+02
1.079099999999999966e+02
1.065699999999999932e+02
1.093299999999999983e+02
1.075300000000000011e+02
1.072999999999999972e+02
1.073199999999999932e+02
1.063599999999999994e+02
1.046500000000000057e+02
1.050300000000000011e+02
1.050199999999999960e+02
1.044800000000000040e+02
1.044200000000000017e+02
1.028900000000000006e+02
1.035100000000000051e+02
1.052900000000000063e+02
1.057600000000000051e+02
1.049200000000000017e+02
1.049300000000000068e+02
1.049099999999999966e+02
1.045699999999999932e+02
1.047699999999999960e+02
1.043100000000000023e+02
1.060799999999999983e+02
1.048700000000000045e+02
1.047999999999999972e+02
1.041400000000000006e+02
1.058900000000000006e+02
1.061099999999999994e+02
1.047199999999999989e+02
1.080400000000000063e+02
1.068199999999999932e+02
1.080799999999999983e+02
1.084099999999999966e+02
1.089500000000000028e+02
1.074800000000000040e+02
1.063799999999999955e+02
1.061599999999999966e+02
1.054399999999999977e+02
1.072199999999999989e+02
1.070699999999999932e+02
1.076400000000000006e+02
1.100199999999999960e+02
1.083599999999999994e+02
1.059099999999999966e+02
1.092399999999999949e+02
1.060300000000000011e+02
1.083299999999999983e+02
1.070199999999999960e+02
1.055799999999999983e+02
1.056099999999999994e+02
1.029200000000000017e+02
1.016099999999999994e+02
1.040699999999999932e+02
1.046599999999999966e+02
1.031299999999999955e+02
1.057999999999999972e+02
1.061700000000000017e+02
1.047900000000000063e+02
1.014899999999999949e+02
1.058400000000000034e+02
1.025499999999999972e+02
1.020300000000000011e+02
1.020300000000000011e+02
9.993000000000000682e+01
1.072600000000000051e+02
9.654000000000000625e+01
9.393000000000000682e+01
9.657999999999999829e+01
9.585999999999999943e+01
9.578000000000000114e+01
9.454999999999999716e+01
9.073999999999999488e+01
9.090999999999999659e+01
9.546999999999999886e+01
9.492000000000000171e+01
9.398000000000000398e+01
9.673000000000000398e+01
9.490000000000000568e+01
9.684000000000000341e+01
9.720000000000000284e+01
9.565000000000000568e+01
9.573999999999999488e+01
9.789000000000000057e+01
9.754000000000000625e+01
9.946999999999999886e+01
1.040900000000000034e+02
1.049899999999999949e+02
1.047099999999999937e+02
1.048799999999999955e+02
1.063299999999999983e+02
1.062800000000000011e+02
1.060799999999999983e+02
1.051299999999999955e+02
1.056800000000000068e+02
1.072999999999999972e+02
1.058599999999999994e+02
1.092500000000000000e+02
1.076299999999999955e+02
1.073499999999999943e+02
1.036200000000000045e+02
1.037800000000000011e+02
1.041099999999999994e+02
9.962000000000000455e+01
1.028799999999999955e+02
1.017999999999999972e+02
1.011800000000000068e+02
1.028900000000000006e+02
1.013499999999999943e+02
1.036200000000000045e+02
1.026800000000000068e+02
1.029899999999999949e+02
1.040100000000000051e+02
9.987999999999999545e+01
1.013199999999999932e+02
1.043799999999999955e+02
1.030799999999999983e+02
1.050400000000000063e+02
1.044399999999999977e+02
1.047699999999999960e+02
1.036899999999999977e+02
1.039899999999999949e+02
1.039599999999999937e+02
1.047399999999999949e+02
1.052099999999999937e+02
1.039899999999999949e+02
1.045400000000000063e+02
1.075699999999999932e+02
1.055499999999999972e+02
1.032600000000000051e+02
1.069000000000000057e+02
1.071200000000000045e+02
1.046500000000000057e+02
1.042999999999999972e+02
1.062399999999999949e+02
1.061599999999999966e+02
1.067999999999999972e+02
1.071400000000000006e+02
1.070199999999999960e+02
1.060400000000000063e+02
1.055499999999999972e+02
1.077999999999999972e+02
1.061299999999999955e+02
1.065199999999999960e+02
1.074500000000000028e+02
1.043599999999999994e+02
1.008400000000000034e+02
1.003299999999999983e+02
1.009599999999999937e+02
1.014500000000000028e+02
1.046800000000000068e+02
1.068199999999999932e+02
1.077699999999999960e+02
1.047600000000000051e+02
1.034500000000000028e+02
1.033700000000000045e+02
9.820000000000000284e+01
1.040699999999999932e+02
9.929000000000000625e+01
1.021700000000000017e+02
9.884000000000000341e+01
9.851999999999999602e+01
1.012000000000000028e+02
9.659000000000000341e+01
9.993999999999999773e+01
9.771999999999999886e+01
9.582999999999999829e+01
9.531000000000000227e+01
9.418000000000000682e+01
9.700000000000000000e+01
9.732999999999999829e+01
9.496999999999999886e+01
9.570000000000000284e+01
9.554000000000000625e+01
1.003900000000000006e+02
1.006700000000000017e+02
9.779999999999999716e+01
9.489000000000000057e+01
9.804000000000000625e+01
9.818999999999999773e+01
9.853000000000000114e+01
9.990999999999999659e+01
1.023199999999999932e+02
1.027000000000000028e+02
1.043499999999999943e+02
1.039500000000000028e+02
1.059800000000000040e+02
1.077099999999999937e+02
1.066899999999999977e+02
1.053499999999999943e+02
1.065100000000000051e+02
1.083799999999999955e+02
1.075300000000000011e+02
1.085600000000000023e+02
1.079699999999999989e+02
1.067000000000000028e+02
1.074399999999999977e+02
1.063299999999999983e+02
1.054899999999999949e+02
1.051400000000000006e+02
1.062399999999999949e+02
1.056800000000000068e+02
1.054000000000000057e+02
1.063700000000000045e+02
1.047999999999999972e+02
1.053499999999999943e+02
1.055600000000000023e+02
1.065799999999999983e+02
1.057600000000000051e+02
1.070400000000000063e+02
1.055000000000000000e+02
1.076400000000000006e+02
1.081599999999999966e+02
1.072699999999999960e+02
1.069599999999999937e+02
1.064300000000000068e+02
1.090100000000000051e+02
1.086700000000000017e+02
1.080000000000000000e+02
1.090600000000000023e+02
1.085000000000000000e+02
1.086700000000000017e+02
1.092199999999999989e+02
1.095400000000000063e+02
1.100799999999999983e+02
1.099399999999999977e+02
1.064099999999999966e+02
1.068799999999999955e+02
1.079000000000000057e+02
1.071800000000000068e+02
1.081500000000000057e+02
1.083400000000000034e+02
1.101099999999999994e+02
1.077300000000000040e+02
1.040699999999999932e+02
1.017600000000000051e+02
1.012800000000000011e+02
1.024800000000000040e+02
1.025900000000000034e+02
1.027900000000000063e+02
1.017999999999999972e+02
1.028700000000000045e+02
1.028499999999999943e+02
1.039699999999999989e+02
1.025300000000000011e+02
1.012699999999999960e+02
1.015100000000000051e+02
1.024000000000000057e+02
1.027399999999999949e+02
9.843999999999999773e+01
9.665000000000000568e+01
9.506999999999999318e+01
